Vivado Simulator 2017.1
Copyright 1986-1999, 2001-2016 Xilinx, Inc. All Rights Reserved.
Running: C:/XilinxVivado2017.1/Vivado/2017.1/bin/unwrapped/win64.o/xelab.exe -wto 56e49961e8b643529eaa0e38c1c2bca1 --debug typical --relax --mt 2 -L xil_defaultlib -L unisims_ver -L unimacro_ver -L secureip --snapshot PN128_tb_behav xil_defaultlib.PN128_tb xil_defaultlib.glbl -log elaborate.log 
Using 2 slave threads.
Starting static elaboration
Completed static elaboration
Starting simulation data flow analysis
Completed simulation data flow analysis
Time Resolution for simulation is 1ps
Compiling module xil_defaultlib.SetTop128
Compiling module xil_defaultlib.CtrlSignal128
Compiling module xil_defaultlib.ParameterGenerator(n=6)
Compiling module xil_defaultlib.SwitchUnit
Compiling module xil_defaultlib.SetTop64
Compiling module xil_defaultlib.CtrlSignal64
Compiling module xil_defaultlib.ParameterGenerator(n=5)
Compiling module xil_defaultlib.SetTop32
Compiling module xil_defaultlib.CtrlSignal32
Compiling module xil_defaultlib.ParameterGenerator(n=4)
Compiling module xil_defaultlib.SetTop16
Compiling module xil_defaultlib.CtrlSignal16
Compiling module xil_defaultlib.ParameterGenerator(n=3)
Compiling module xil_defaultlib.SetTop8
Compiling module xil_defaultlib.CtrlSignal8
Compiling module xil_defaultlib.ParameterGenerator(n=2)
Compiling module xil_defaultlib.SetTop4
Compiling module xil_defaultlib.CtrlSignal4
Compiling module xil_defaultlib.ParameterGenerator4
Compiling module xil_defaultlib.BenesNetwork4
Compiling module xil_defaultlib.BenesNetwork8_default
Compiling module xil_defaultlib.BenesNetwork16_default
Compiling module xil_defaultlib.BenesNetwork32_default
Compiling module xil_defaultlib.BenesNetwork64_default
Compiling module xil_defaultlib.BenesNetwork128_default
Compiling module xil_defaultlib.PN128_tb
Compiling module xil_defaultlib.glbl
Built simulation snapshot PN128_tb_behav
