Vivado Simulator 2017.1
Copyright 1986-1999, 2001-2016 Xilinx, Inc. All Rights Reserved.
Running: C:/XilinxVivado2017.1/Vivado/2017.1/bin/unwrapped/win64.o/xelab.exe -wto 8f71e2dc759d45a78e35b50c7064c97a --debug typical --relax --mt 2 -L xil_defaultlib -L unisims_ver -L secureip --snapshot PN_tb_func_impl xil_defaultlib.PN_tb xil_defaultlib.glbl -log elaborate.log 
Using 2 slave threads.
Starting static elaboration
Completed static elaboration
Starting simulation data flow analysis
Completed simulation data flow analysis
Time Resolution for simulation is 1ps
Compiling module unisims_ver.LUT5
Compiling module unisims_ver.x_lut2_mux4
Compiling module unisims_ver.LUT2
Compiling module unisims_ver.x_lut3_mux8
Compiling module unisims_ver.LUT3
Compiling module unisims_ver.LUT4
Compiling module unisims_ver.LUT6
Compiling module unisims_ver.CARRY4
Compiling module xil_defaultlib.CtrlSignal32
Compiling module unisims_ver.IBUF
Compiling module unisims_ver.OBUF
Compiling module xil_defaultlib.BenesNetwork32
Compiling module xil_defaultlib.PN_tb
Compiling module xil_defaultlib.glbl
Built simulation snapshot PN_tb_func_impl
