Copyright 1986-2017 Xilinx, Inc. All Rights Reserved.
------------------------------------------------------------------------------------
| Tool Version : Vivado v.2017.1 (win64) Build 1846317 Fri Apr 14 18:55:03 MDT 2017
| Date         : Wed May 17 14:33:34 2017
| Host         : MSEBPHD running 64-bit Service Pack 1  (build 7601)
| Command      : report_control_sets -verbose -file Top_control_sets_placed.rpt
| Design       : Top
| Device       : xc7vx485t
------------------------------------------------------------------------------------

Control Set Information

Table of Contents
-----------------
1. Summary
2. Flip-Flop Distribution
3. Detailed Control Set Information

1. Summary
----------

+----------------------------------------------------------+-------+
|                          Status                          | Count |
+----------------------------------------------------------+-------+
| Number of unique control sets                            |     2 |
| Unused register locations in slices containing registers |     0 |
+----------------------------------------------------------+-------+


2. Flip-Flop Distribution
-------------------------

+--------------+-----------------------+------------------------+-----------------+--------------+
| Clock Enable | Synchronous Set/Reset | Asynchronous Set/Reset | Total Registers | Total Slices |
+--------------+-----------------------+------------------------+-----------------+--------------+
| No           | No                    | No                     |               0 |            0 |
| No           | No                    | Yes                    |             192 |          110 |
| No           | Yes                   | No                     |               0 |            0 |
| Yes          | No                    | No                     |               0 |            0 |
| Yes          | No                    | Yes                    |               0 |            0 |
| Yes          | Yes                   | No                     |               0 |            0 |
+--------------+-----------------------+------------------------+-----------------+--------------+


3. Detailed Control Set Information
-----------------------------------

+-----------------------------+---------------+-------------------------+------------------+----------------+
|         Clock Signal        | Enable Signal |     Set/Reset Signal    | Slice Load Count | Bel Load Count |
+-----------------------------+---------------+-------------------------+------------------+----------------+
|  clk_wiz_inst/inst/clk_out1 |               | indata_reg[95]_i_1_n_0  |               57 |             96 |
|  clk_wiz_inst/inst/clk_out1 |               | outdata_reg[95]_i_2_n_0 |               53 |             96 |
+-----------------------------+---------------+-------------------------+------------------+----------------+


+--------+-----------------------+
| Fanout | Number of ControlSets |
+--------+-----------------------+
| 16+    |                     2 |
+--------+-----------------------+


