Copyright 1986-2017 Xilinx, Inc. All Rights Reserved.
-------------------------------------------------------------------------------------------------------------
| Tool Version : Vivado v.2017.1 (win64) Build 1846317 Fri Apr 14 18:55:03 MDT 2017
| Date         : Sat May 20 23:32:39 2017
| Host         : MSEBPHD running 64-bit Service Pack 1  (build 7601)
| Command      : report_methodology -file Top_methodology_drc_routed.rpt -rpx Top_methodology_drc_routed.rpx
| Design       : Top
| Device       : xc7vx485tffg1157-1
| Speed File   : -1
| Design State : Routed
-------------------------------------------------------------------------------------------------------------

Report Methodology

Table of Contents
-----------------
1. REPORT SUMMARY
2. REPORT DETAILS

1. REPORT SUMMARY
-----------------
            Netlist: netlist
          Floorplan: design_1
      Design limits: <entire design considered>
             Max violations: <unlimited>
             Violations found: 265
+-----------+----------+-------------------------------+------------+
| Rule      | Severity | Description                   | Violations |
+-----------+----------+-------------------------------+------------+
| TIMING-18 | Warning  | Missing input or output delay | 265        |
+-----------+----------+-------------------------------+------------+

2. REPORT DETAILS
-----------------
TIMING-18#1 Warning
Missing input or output delay  
An input delay is missing on llrs_in[0] relative to clock(s) VIRTUAL_clk_out1_clk_wiz_0 
Related violations: <none>

TIMING-18#2 Warning
Missing input or output delay  
An input delay is missing on llrs_in[100] relative to clock(s) VIRTUAL_clk_out1_clk_wiz_0 
Related violations: <none>

TIMING-18#3 Warning
Missing input or output delay  
An input delay is missing on llrs_in[101] relative to clock(s) VIRTUAL_clk_out1_clk_wiz_0 
Related violations: <none>

TIMING-18#4 Warning
Missing input or output delay  
An input delay is missing on llrs_in[102] relative to clock(s) VIRTUAL_clk_out1_clk_wiz_0 
Related violations: <none>

TIMING-18#5 Warning
Missing input or output delay  
An input delay is missing on llrs_in[103] relative to clock(s) VIRTUAL_clk_out1_clk_wiz_0 
Related violations: <none>

TIMING-18#6 Warning
Missing input or output delay  
An input delay is missing on llrs_in[104] relative to clock(s) VIRTUAL_clk_out1_clk_wiz_0 
Related violations: <none>

TIMING-18#7 Warning
Missing input or output delay  
An input delay is missing on llrs_in[105] relative to clock(s) VIRTUAL_clk_out1_clk_wiz_0 
Related violations: <none>

TIMING-18#8 Warning
Missing input or output delay  
An input delay is missing on llrs_in[106] relative to clock(s) VIRTUAL_clk_out1_clk_wiz_0 
Related violations: <none>

TIMING-18#9 Warning
Missing input or output delay  
An input delay is missing on llrs_in[107] relative to clock(s) VIRTUAL_clk_out1_clk_wiz_0 
Related violations: <none>

TIMING-18#10 Warning
Missing input or output delay  
An input delay is missing on llrs_in[108] relative to clock(s) VIRTUAL_clk_out1_clk_wiz_0 
Related violations: <none>

TIMING-18#11 Warning
Missing input or output delay  
An input delay is missing on llrs_in[109] relative to clock(s) VIRTUAL_clk_out1_clk_wiz_0 
Related violations: <none>

TIMING-18#12 Warning
Missing input or output delay  
An input delay is missing on llrs_in[10] relative to clock(s) VIRTUAL_clk_out1_clk_wiz_0 
Related violations: <none>

TIMING-18#13 Warning
Missing input or output delay  
An input delay is missing on llrs_in[110] relative to clock(s) VIRTUAL_clk_out1_clk_wiz_0 
Related violations: <none>

TIMING-18#14 Warning
Missing input or output delay  
An input delay is missing on llrs_in[111] relative to clock(s) VIRTUAL_clk_out1_clk_wiz_0 
Related violations: <none>

TIMING-18#15 Warning
Missing input or output delay  
An input delay is missing on llrs_in[112] relative to clock(s) VIRTUAL_clk_out1_clk_wiz_0 
Related violations: <none>

TIMING-18#16 Warning
Missing input or output delay  
An input delay is missing on llrs_in[113] relative to clock(s) VIRTUAL_clk_out1_clk_wiz_0 
Related violations: <none>

TIMING-18#17 Warning
Missing input or output delay  
An input delay is missing on llrs_in[114] relative to clock(s) VIRTUAL_clk_out1_clk_wiz_0 
Related violations: <none>

TIMING-18#18 Warning
Missing input or output delay  
An input delay is missing on llrs_in[115] relative to clock(s) VIRTUAL_clk_out1_clk_wiz_0 
Related violations: <none>

TIMING-18#19 Warning
Missing input or output delay  
An input delay is missing on llrs_in[116] relative to clock(s) VIRTUAL_clk_out1_clk_wiz_0 
Related violations: <none>

TIMING-18#20 Warning
Missing input or output delay  
An input delay is missing on llrs_in[117] relative to clock(s) VIRTUAL_clk_out1_clk_wiz_0 
Related violations: <none>

TIMING-18#21 Warning
Missing input or output delay  
An input delay is missing on llrs_in[118] relative to clock(s) VIRTUAL_clk_out1_clk_wiz_0 
Related violations: <none>

TIMING-18#22 Warning
Missing input or output delay  
An input delay is missing on llrs_in[119] relative to clock(s) VIRTUAL_clk_out1_clk_wiz_0 
Related violations: <none>

TIMING-18#23 Warning
Missing input or output delay  
An input delay is missing on llrs_in[11] relative to clock(s) VIRTUAL_clk_out1_clk_wiz_0 
Related violations: <none>

TIMING-18#24 Warning
Missing input or output delay  
An input delay is missing on llrs_in[120] relative to clock(s) VIRTUAL_clk_out1_clk_wiz_0 
Related violations: <none>

TIMING-18#25 Warning
Missing input or output delay  
An input delay is missing on llrs_in[121] relative to clock(s) VIRTUAL_clk_out1_clk_wiz_0 
Related violations: <none>

TIMING-18#26 Warning
Missing input or output delay  
An input delay is missing on llrs_in[122] relative to clock(s) VIRTUAL_clk_out1_clk_wiz_0 
Related violations: <none>

TIMING-18#27 Warning
Missing input or output delay  
An input delay is missing on llrs_in[123] relative to clock(s) VIRTUAL_clk_out1_clk_wiz_0 
Related violations: <none>

TIMING-18#28 Warning
Missing input or output delay  
An input delay is missing on llrs_in[124] relative to clock(s) VIRTUAL_clk_out1_clk_wiz_0 
Related violations: <none>

TIMING-18#29 Warning
Missing input or output delay  
An input delay is missing on llrs_in[125] relative to clock(s) VIRTUAL_clk_out1_clk_wiz_0 
Related violations: <none>

TIMING-18#30 Warning
Missing input or output delay  
An input delay is missing on llrs_in[126] relative to clock(s) VIRTUAL_clk_out1_clk_wiz_0 
Related violations: <none>

TIMING-18#31 Warning
Missing input or output delay  
An input delay is missing on llrs_in[127] relative to clock(s) VIRTUAL_clk_out1_clk_wiz_0 
Related violations: <none>

TIMING-18#32 Warning
Missing input or output delay  
An input delay is missing on llrs_in[128] relative to clock(s) VIRTUAL_clk_out1_clk_wiz_0 
Related violations: <none>

TIMING-18#33 Warning
Missing input or output delay  
An input delay is missing on llrs_in[129] relative to clock(s) VIRTUAL_clk_out1_clk_wiz_0 
Related violations: <none>

TIMING-18#34 Warning
Missing input or output delay  
An input delay is missing on llrs_in[12] relative to clock(s) VIRTUAL_clk_out1_clk_wiz_0 
Related violations: <none>

TIMING-18#35 Warning
Missing input or output delay  
An input delay is missing on llrs_in[130] relative to clock(s) VIRTUAL_clk_out1_clk_wiz_0 
Related violations: <none>

TIMING-18#36 Warning
Missing input or output delay  
An input delay is missing on llrs_in[131] relative to clock(s) VIRTUAL_clk_out1_clk_wiz_0 
Related violations: <none>

TIMING-18#37 Warning
Missing input or output delay  
An input delay is missing on llrs_in[13] relative to clock(s) VIRTUAL_clk_out1_clk_wiz_0 
Related violations: <none>

TIMING-18#38 Warning
Missing input or output delay  
An input delay is missing on llrs_in[14] relative to clock(s) VIRTUAL_clk_out1_clk_wiz_0 
Related violations: <none>

TIMING-18#39 Warning
Missing input or output delay  
An input delay is missing on llrs_in[15] relative to clock(s) VIRTUAL_clk_out1_clk_wiz_0 
Related violations: <none>

TIMING-18#40 Warning
Missing input or output delay  
An input delay is missing on llrs_in[16] relative to clock(s) VIRTUAL_clk_out1_clk_wiz_0 
Related violations: <none>

TIMING-18#41 Warning
Missing input or output delay  
An input delay is missing on llrs_in[17] relative to clock(s) VIRTUAL_clk_out1_clk_wiz_0 
Related violations: <none>

TIMING-18#42 Warning
Missing input or output delay  
An input delay is missing on llrs_in[18] relative to clock(s) VIRTUAL_clk_out1_clk_wiz_0 
Related violations: <none>

TIMING-18#43 Warning
Missing input or output delay  
An input delay is missing on llrs_in[19] relative to clock(s) VIRTUAL_clk_out1_clk_wiz_0 
Related violations: <none>

TIMING-18#44 Warning
Missing input or output delay  
An input delay is missing on llrs_in[1] relative to clock(s) VIRTUAL_clk_out1_clk_wiz_0 
Related violations: <none>

TIMING-18#45 Warning
Missing input or output delay  
An input delay is missing on llrs_in[20] relative to clock(s) VIRTUAL_clk_out1_clk_wiz_0 
Related violations: <none>

TIMING-18#46 Warning
Missing input or output delay  
An input delay is missing on llrs_in[21] relative to clock(s) VIRTUAL_clk_out1_clk_wiz_0 
Related violations: <none>

TIMING-18#47 Warning
Missing input or output delay  
An input delay is missing on llrs_in[22] relative to clock(s) VIRTUAL_clk_out1_clk_wiz_0 
Related violations: <none>

TIMING-18#48 Warning
Missing input or output delay  
An input delay is missing on llrs_in[23] relative to clock(s) VIRTUAL_clk_out1_clk_wiz_0 
Related violations: <none>

TIMING-18#49 Warning
Missing input or output delay  
An input delay is missing on llrs_in[24] relative to clock(s) VIRTUAL_clk_out1_clk_wiz_0 
Related violations: <none>

TIMING-18#50 Warning
Missing input or output delay  
An input delay is missing on llrs_in[25] relative to clock(s) VIRTUAL_clk_out1_clk_wiz_0 
Related violations: <none>

TIMING-18#51 Warning
Missing input or output delay  
An input delay is missing on llrs_in[26] relative to clock(s) VIRTUAL_clk_out1_clk_wiz_0 
Related violations: <none>

TIMING-18#52 Warning
Missing input or output delay  
An input delay is missing on llrs_in[27] relative to clock(s) VIRTUAL_clk_out1_clk_wiz_0 
Related violations: <none>

TIMING-18#53 Warning
Missing input or output delay  
An input delay is missing on llrs_in[28] relative to clock(s) VIRTUAL_clk_out1_clk_wiz_0 
Related violations: <none>

TIMING-18#54 Warning
Missing input or output delay  
An input delay is missing on llrs_in[29] relative to clock(s) VIRTUAL_clk_out1_clk_wiz_0 
Related violations: <none>

TIMING-18#55 Warning
Missing input or output delay  
An input delay is missing on llrs_in[2] relative to clock(s) VIRTUAL_clk_out1_clk_wiz_0 
Related violations: <none>

TIMING-18#56 Warning
Missing input or output delay  
An input delay is missing on llrs_in[30] relative to clock(s) VIRTUAL_clk_out1_clk_wiz_0 
Related violations: <none>

TIMING-18#57 Warning
Missing input or output delay  
An input delay is missing on llrs_in[31] relative to clock(s) VIRTUAL_clk_out1_clk_wiz_0 
Related violations: <none>

TIMING-18#58 Warning
Missing input or output delay  
An input delay is missing on llrs_in[32] relative to clock(s) VIRTUAL_clk_out1_clk_wiz_0 
Related violations: <none>

TIMING-18#59 Warning
Missing input or output delay  
An input delay is missing on llrs_in[33] relative to clock(s) VIRTUAL_clk_out1_clk_wiz_0 
Related violations: <none>

TIMING-18#60 Warning
Missing input or output delay  
An input delay is missing on llrs_in[34] relative to clock(s) VIRTUAL_clk_out1_clk_wiz_0 
Related violations: <none>

TIMING-18#61 Warning
Missing input or output delay  
An input delay is missing on llrs_in[35] relative to clock(s) VIRTUAL_clk_out1_clk_wiz_0 
Related violations: <none>

TIMING-18#62 Warning
Missing input or output delay  
An input delay is missing on llrs_in[36] relative to clock(s) VIRTUAL_clk_out1_clk_wiz_0 
Related violations: <none>

TIMING-18#63 Warning
Missing input or output delay  
An input delay is missing on llrs_in[37] relative to clock(s) VIRTUAL_clk_out1_clk_wiz_0 
Related violations: <none>

TIMING-18#64 Warning
Missing input or output delay  
An input delay is missing on llrs_in[38] relative to clock(s) VIRTUAL_clk_out1_clk_wiz_0 
Related violations: <none>

TIMING-18#65 Warning
Missing input or output delay  
An input delay is missing on llrs_in[39] relative to clock(s) VIRTUAL_clk_out1_clk_wiz_0 
Related violations: <none>

TIMING-18#66 Warning
Missing input or output delay  
An input delay is missing on llrs_in[3] relative to clock(s) VIRTUAL_clk_out1_clk_wiz_0 
Related violations: <none>

TIMING-18#67 Warning
Missing input or output delay  
An input delay is missing on llrs_in[40] relative to clock(s) VIRTUAL_clk_out1_clk_wiz_0 
Related violations: <none>

TIMING-18#68 Warning
Missing input or output delay  
An input delay is missing on llrs_in[41] relative to clock(s) VIRTUAL_clk_out1_clk_wiz_0 
Related violations: <none>

TIMING-18#69 Warning
Missing input or output delay  
An input delay is missing on llrs_in[42] relative to clock(s) VIRTUAL_clk_out1_clk_wiz_0 
Related violations: <none>

TIMING-18#70 Warning
Missing input or output delay  
An input delay is missing on llrs_in[43] relative to clock(s) VIRTUAL_clk_out1_clk_wiz_0 
Related violations: <none>

TIMING-18#71 Warning
Missing input or output delay  
An input delay is missing on llrs_in[44] relative to clock(s) VIRTUAL_clk_out1_clk_wiz_0 
Related violations: <none>

TIMING-18#72 Warning
Missing input or output delay  
An input delay is missing on llrs_in[45] relative to clock(s) VIRTUAL_clk_out1_clk_wiz_0 
Related violations: <none>

TIMING-18#73 Warning
Missing input or output delay  
An input delay is missing on llrs_in[46] relative to clock(s) VIRTUAL_clk_out1_clk_wiz_0 
Related violations: <none>

TIMING-18#74 Warning
Missing input or output delay  
An input delay is missing on llrs_in[47] relative to clock(s) VIRTUAL_clk_out1_clk_wiz_0 
Related violations: <none>

TIMING-18#75 Warning
Missing input or output delay  
An input delay is missing on llrs_in[48] relative to clock(s) VIRTUAL_clk_out1_clk_wiz_0 
Related violations: <none>

TIMING-18#76 Warning
Missing input or output delay  
An input delay is missing on llrs_in[49] relative to clock(s) VIRTUAL_clk_out1_clk_wiz_0 
Related violations: <none>

TIMING-18#77 Warning
Missing input or output delay  
An input delay is missing on llrs_in[4] relative to clock(s) VIRTUAL_clk_out1_clk_wiz_0 
Related violations: <none>

TIMING-18#78 Warning
Missing input or output delay  
An input delay is missing on llrs_in[50] relative to clock(s) VIRTUAL_clk_out1_clk_wiz_0 
Related violations: <none>

TIMING-18#79 Warning
Missing input or output delay  
An input delay is missing on llrs_in[51] relative to clock(s) VIRTUAL_clk_out1_clk_wiz_0 
Related violations: <none>

TIMING-18#80 Warning
Missing input or output delay  
An input delay is missing on llrs_in[52] relative to clock(s) VIRTUAL_clk_out1_clk_wiz_0 
Related violations: <none>

TIMING-18#81 Warning
Missing input or output delay  
An input delay is missing on llrs_in[53] relative to clock(s) VIRTUAL_clk_out1_clk_wiz_0 
Related violations: <none>

TIMING-18#82 Warning
Missing input or output delay  
An input delay is missing on llrs_in[54] relative to clock(s) VIRTUAL_clk_out1_clk_wiz_0 
Related violations: <none>

TIMING-18#83 Warning
Missing input or output delay  
An input delay is missing on llrs_in[55] relative to clock(s) VIRTUAL_clk_out1_clk_wiz_0 
Related violations: <none>

TIMING-18#84 Warning
Missing input or output delay  
An input delay is missing on llrs_in[56] relative to clock(s) VIRTUAL_clk_out1_clk_wiz_0 
Related violations: <none>

TIMING-18#85 Warning
Missing input or output delay  
An input delay is missing on llrs_in[57] relative to clock(s) VIRTUAL_clk_out1_clk_wiz_0 
Related violations: <none>

TIMING-18#86 Warning
Missing input or output delay  
An input delay is missing on llrs_in[58] relative to clock(s) VIRTUAL_clk_out1_clk_wiz_0 
Related violations: <none>

TIMING-18#87 Warning
Missing input or output delay  
An input delay is missing on llrs_in[59] relative to clock(s) VIRTUAL_clk_out1_clk_wiz_0 
Related violations: <none>

TIMING-18#88 Warning
Missing input or output delay  
An input delay is missing on llrs_in[5] relative to clock(s) VIRTUAL_clk_out1_clk_wiz_0 
Related violations: <none>

TIMING-18#89 Warning
Missing input or output delay  
An input delay is missing on llrs_in[60] relative to clock(s) VIRTUAL_clk_out1_clk_wiz_0 
Related violations: <none>

TIMING-18#90 Warning
Missing input or output delay  
An input delay is missing on llrs_in[61] relative to clock(s) VIRTUAL_clk_out1_clk_wiz_0 
Related violations: <none>

TIMING-18#91 Warning
Missing input or output delay  
An input delay is missing on llrs_in[62] relative to clock(s) VIRTUAL_clk_out1_clk_wiz_0 
Related violations: <none>

TIMING-18#92 Warning
Missing input or output delay  
An input delay is missing on llrs_in[63] relative to clock(s) VIRTUAL_clk_out1_clk_wiz_0 
Related violations: <none>

TIMING-18#93 Warning
Missing input or output delay  
An input delay is missing on llrs_in[64] relative to clock(s) VIRTUAL_clk_out1_clk_wiz_0 
Related violations: <none>

TIMING-18#94 Warning
Missing input or output delay  
An input delay is missing on llrs_in[65] relative to clock(s) VIRTUAL_clk_out1_clk_wiz_0 
Related violations: <none>

TIMING-18#95 Warning
Missing input or output delay  
An input delay is missing on llrs_in[66] relative to clock(s) VIRTUAL_clk_out1_clk_wiz_0 
Related violations: <none>

TIMING-18#96 Warning
Missing input or output delay  
An input delay is missing on llrs_in[67] relative to clock(s) VIRTUAL_clk_out1_clk_wiz_0 
Related violations: <none>

TIMING-18#97 Warning
Missing input or output delay  
An input delay is missing on llrs_in[68] relative to clock(s) VIRTUAL_clk_out1_clk_wiz_0 
Related violations: <none>

TIMING-18#98 Warning
Missing input or output delay  
An input delay is missing on llrs_in[69] relative to clock(s) VIRTUAL_clk_out1_clk_wiz_0 
Related violations: <none>

TIMING-18#99 Warning
Missing input or output delay  
An input delay is missing on llrs_in[6] relative to clock(s) VIRTUAL_clk_out1_clk_wiz_0 
Related violations: <none>

TIMING-18#100 Warning
Missing input or output delay  
An input delay is missing on llrs_in[70] relative to clock(s) VIRTUAL_clk_out1_clk_wiz_0 
Related violations: <none>

TIMING-18#101 Warning
Missing input or output delay  
An input delay is missing on llrs_in[71] relative to clock(s) VIRTUAL_clk_out1_clk_wiz_0 
Related violations: <none>

TIMING-18#102 Warning
Missing input or output delay  
An input delay is missing on llrs_in[72] relative to clock(s) VIRTUAL_clk_out1_clk_wiz_0 
Related violations: <none>

TIMING-18#103 Warning
Missing input or output delay  
An input delay is missing on llrs_in[73] relative to clock(s) VIRTUAL_clk_out1_clk_wiz_0 
Related violations: <none>

TIMING-18#104 Warning
Missing input or output delay  
An input delay is missing on llrs_in[74] relative to clock(s) VIRTUAL_clk_out1_clk_wiz_0 
Related violations: <none>

TIMING-18#105 Warning
Missing input or output delay  
An input delay is missing on llrs_in[75] relative to clock(s) VIRTUAL_clk_out1_clk_wiz_0 
Related violations: <none>

TIMING-18#106 Warning
Missing input or output delay  
An input delay is missing on llrs_in[76] relative to clock(s) VIRTUAL_clk_out1_clk_wiz_0 
Related violations: <none>

TIMING-18#107 Warning
Missing input or output delay  
An input delay is missing on llrs_in[77] relative to clock(s) VIRTUAL_clk_out1_clk_wiz_0 
Related violations: <none>

TIMING-18#108 Warning
Missing input or output delay  
An input delay is missing on llrs_in[78] relative to clock(s) VIRTUAL_clk_out1_clk_wiz_0 
Related violations: <none>

TIMING-18#109 Warning
Missing input or output delay  
An input delay is missing on llrs_in[79] relative to clock(s) VIRTUAL_clk_out1_clk_wiz_0 
Related violations: <none>

TIMING-18#110 Warning
Missing input or output delay  
An input delay is missing on llrs_in[7] relative to clock(s) VIRTUAL_clk_out1_clk_wiz_0 
Related violations: <none>

TIMING-18#111 Warning
Missing input or output delay  
An input delay is missing on llrs_in[80] relative to clock(s) VIRTUAL_clk_out1_clk_wiz_0 
Related violations: <none>

TIMING-18#112 Warning
Missing input or output delay  
An input delay is missing on llrs_in[81] relative to clock(s) VIRTUAL_clk_out1_clk_wiz_0 
Related violations: <none>

TIMING-18#113 Warning
Missing input or output delay  
An input delay is missing on llrs_in[82] relative to clock(s) VIRTUAL_clk_out1_clk_wiz_0 
Related violations: <none>

TIMING-18#114 Warning
Missing input or output delay  
An input delay is missing on llrs_in[83] relative to clock(s) VIRTUAL_clk_out1_clk_wiz_0 
Related violations: <none>

TIMING-18#115 Warning
Missing input or output delay  
An input delay is missing on llrs_in[84] relative to clock(s) VIRTUAL_clk_out1_clk_wiz_0 
Related violations: <none>

TIMING-18#116 Warning
Missing input or output delay  
An input delay is missing on llrs_in[85] relative to clock(s) VIRTUAL_clk_out1_clk_wiz_0 
Related violations: <none>

TIMING-18#117 Warning
Missing input or output delay  
An input delay is missing on llrs_in[86] relative to clock(s) VIRTUAL_clk_out1_clk_wiz_0 
Related violations: <none>

TIMING-18#118 Warning
Missing input or output delay  
An input delay is missing on llrs_in[87] relative to clock(s) VIRTUAL_clk_out1_clk_wiz_0 
Related violations: <none>

TIMING-18#119 Warning
Missing input or output delay  
An input delay is missing on llrs_in[88] relative to clock(s) VIRTUAL_clk_out1_clk_wiz_0 
Related violations: <none>

TIMING-18#120 Warning
Missing input or output delay  
An input delay is missing on llrs_in[89] relative to clock(s) VIRTUAL_clk_out1_clk_wiz_0 
Related violations: <none>

TIMING-18#121 Warning
Missing input or output delay  
An input delay is missing on llrs_in[8] relative to clock(s) VIRTUAL_clk_out1_clk_wiz_0 
Related violations: <none>

TIMING-18#122 Warning
Missing input or output delay  
An input delay is missing on llrs_in[90] relative to clock(s) VIRTUAL_clk_out1_clk_wiz_0 
Related violations: <none>

TIMING-18#123 Warning
Missing input or output delay  
An input delay is missing on llrs_in[91] relative to clock(s) VIRTUAL_clk_out1_clk_wiz_0 
Related violations: <none>

TIMING-18#124 Warning
Missing input or output delay  
An input delay is missing on llrs_in[92] relative to clock(s) VIRTUAL_clk_out1_clk_wiz_0 
Related violations: <none>

TIMING-18#125 Warning
Missing input or output delay  
An input delay is missing on llrs_in[93] relative to clock(s) VIRTUAL_clk_out1_clk_wiz_0 
Related violations: <none>

TIMING-18#126 Warning
Missing input or output delay  
An input delay is missing on llrs_in[94] relative to clock(s) VIRTUAL_clk_out1_clk_wiz_0 
Related violations: <none>

TIMING-18#127 Warning
Missing input or output delay  
An input delay is missing on llrs_in[95] relative to clock(s) VIRTUAL_clk_out1_clk_wiz_0 
Related violations: <none>

TIMING-18#128 Warning
Missing input or output delay  
An input delay is missing on llrs_in[96] relative to clock(s) VIRTUAL_clk_out1_clk_wiz_0 
Related violations: <none>

TIMING-18#129 Warning
Missing input or output delay  
An input delay is missing on llrs_in[97] relative to clock(s) VIRTUAL_clk_out1_clk_wiz_0 
Related violations: <none>

TIMING-18#130 Warning
Missing input or output delay  
An input delay is missing on llrs_in[98] relative to clock(s) VIRTUAL_clk_out1_clk_wiz_0 
Related violations: <none>

TIMING-18#131 Warning
Missing input or output delay  
An input delay is missing on llrs_in[99] relative to clock(s) VIRTUAL_clk_out1_clk_wiz_0 
Related violations: <none>

TIMING-18#132 Warning
Missing input or output delay  
An input delay is missing on llrs_in[9] relative to clock(s) VIRTUAL_clk_out1_clk_wiz_0 
Related violations: <none>

TIMING-18#133 Warning
Missing input or output delay  
An input delay is missing on rst_n relative to clock(s) VIRTUAL_clk_out1_clk_wiz_0 
Related violations: <none>

TIMING-18#134 Warning
Missing input or output delay  
An output delay is missing on llrs_out_reg[0] relative to clock(s) VIRTUAL_clk_out1_clk_wiz_0 
Related violations: <none>

TIMING-18#135 Warning
Missing input or output delay  
An output delay is missing on llrs_out_reg[100] relative to clock(s) VIRTUAL_clk_out1_clk_wiz_0 
Related violations: <none>

TIMING-18#136 Warning
Missing input or output delay  
An output delay is missing on llrs_out_reg[101] relative to clock(s) VIRTUAL_clk_out1_clk_wiz_0 
Related violations: <none>

TIMING-18#137 Warning
Missing input or output delay  
An output delay is missing on llrs_out_reg[102] relative to clock(s) VIRTUAL_clk_out1_clk_wiz_0 
Related violations: <none>

TIMING-18#138 Warning
Missing input or output delay  
An output delay is missing on llrs_out_reg[103] relative to clock(s) VIRTUAL_clk_out1_clk_wiz_0 
Related violations: <none>

TIMING-18#139 Warning
Missing input or output delay  
An output delay is missing on llrs_out_reg[104] relative to clock(s) VIRTUAL_clk_out1_clk_wiz_0 
Related violations: <none>

TIMING-18#140 Warning
Missing input or output delay  
An output delay is missing on llrs_out_reg[105] relative to clock(s) VIRTUAL_clk_out1_clk_wiz_0 
Related violations: <none>

TIMING-18#141 Warning
Missing input or output delay  
An output delay is missing on llrs_out_reg[106] relative to clock(s) VIRTUAL_clk_out1_clk_wiz_0 
Related violations: <none>

TIMING-18#142 Warning
Missing input or output delay  
An output delay is missing on llrs_out_reg[107] relative to clock(s) VIRTUAL_clk_out1_clk_wiz_0 
Related violations: <none>

TIMING-18#143 Warning
Missing input or output delay  
An output delay is missing on llrs_out_reg[108] relative to clock(s) VIRTUAL_clk_out1_clk_wiz_0 
Related violations: <none>

TIMING-18#144 Warning
Missing input or output delay  
An output delay is missing on llrs_out_reg[109] relative to clock(s) VIRTUAL_clk_out1_clk_wiz_0 
Related violations: <none>

TIMING-18#145 Warning
Missing input or output delay  
An output delay is missing on llrs_out_reg[10] relative to clock(s) VIRTUAL_clk_out1_clk_wiz_0 
Related violations: <none>

TIMING-18#146 Warning
Missing input or output delay  
An output delay is missing on llrs_out_reg[110] relative to clock(s) VIRTUAL_clk_out1_clk_wiz_0 
Related violations: <none>

TIMING-18#147 Warning
Missing input or output delay  
An output delay is missing on llrs_out_reg[111] relative to clock(s) VIRTUAL_clk_out1_clk_wiz_0 
Related violations: <none>

TIMING-18#148 Warning
Missing input or output delay  
An output delay is missing on llrs_out_reg[112] relative to clock(s) VIRTUAL_clk_out1_clk_wiz_0 
Related violations: <none>

TIMING-18#149 Warning
Missing input or output delay  
An output delay is missing on llrs_out_reg[113] relative to clock(s) VIRTUAL_clk_out1_clk_wiz_0 
Related violations: <none>

TIMING-18#150 Warning
Missing input or output delay  
An output delay is missing on llrs_out_reg[114] relative to clock(s) VIRTUAL_clk_out1_clk_wiz_0 
Related violations: <none>

TIMING-18#151 Warning
Missing input or output delay  
An output delay is missing on llrs_out_reg[115] relative to clock(s) VIRTUAL_clk_out1_clk_wiz_0 
Related violations: <none>

TIMING-18#152 Warning
Missing input or output delay  
An output delay is missing on llrs_out_reg[116] relative to clock(s) VIRTUAL_clk_out1_clk_wiz_0 
Related violations: <none>

TIMING-18#153 Warning
Missing input or output delay  
An output delay is missing on llrs_out_reg[117] relative to clock(s) VIRTUAL_clk_out1_clk_wiz_0 
Related violations: <none>

TIMING-18#154 Warning
Missing input or output delay  
An output delay is missing on llrs_out_reg[118] relative to clock(s) VIRTUAL_clk_out1_clk_wiz_0 
Related violations: <none>

TIMING-18#155 Warning
Missing input or output delay  
An output delay is missing on llrs_out_reg[119] relative to clock(s) VIRTUAL_clk_out1_clk_wiz_0 
Related violations: <none>

TIMING-18#156 Warning
Missing input or output delay  
An output delay is missing on llrs_out_reg[11] relative to clock(s) VIRTUAL_clk_out1_clk_wiz_0 
Related violations: <none>

TIMING-18#157 Warning
Missing input or output delay  
An output delay is missing on llrs_out_reg[120] relative to clock(s) VIRTUAL_clk_out1_clk_wiz_0 
Related violations: <none>

TIMING-18#158 Warning
Missing input or output delay  
An output delay is missing on llrs_out_reg[121] relative to clock(s) VIRTUAL_clk_out1_clk_wiz_0 
Related violations: <none>

TIMING-18#159 Warning
Missing input or output delay  
An output delay is missing on llrs_out_reg[122] relative to clock(s) VIRTUAL_clk_out1_clk_wiz_0 
Related violations: <none>

TIMING-18#160 Warning
Missing input or output delay  
An output delay is missing on llrs_out_reg[123] relative to clock(s) VIRTUAL_clk_out1_clk_wiz_0 
Related violations: <none>

TIMING-18#161 Warning
Missing input or output delay  
An output delay is missing on llrs_out_reg[124] relative to clock(s) VIRTUAL_clk_out1_clk_wiz_0 
Related violations: <none>

TIMING-18#162 Warning
Missing input or output delay  
An output delay is missing on llrs_out_reg[125] relative to clock(s) VIRTUAL_clk_out1_clk_wiz_0 
Related violations: <none>

TIMING-18#163 Warning
Missing input or output delay  
An output delay is missing on llrs_out_reg[126] relative to clock(s) VIRTUAL_clk_out1_clk_wiz_0 
Related violations: <none>

TIMING-18#164 Warning
Missing input or output delay  
An output delay is missing on llrs_out_reg[127] relative to clock(s) VIRTUAL_clk_out1_clk_wiz_0 
Related violations: <none>

TIMING-18#165 Warning
Missing input or output delay  
An output delay is missing on llrs_out_reg[128] relative to clock(s) VIRTUAL_clk_out1_clk_wiz_0 
Related violations: <none>

TIMING-18#166 Warning
Missing input or output delay  
An output delay is missing on llrs_out_reg[129] relative to clock(s) VIRTUAL_clk_out1_clk_wiz_0 
Related violations: <none>

TIMING-18#167 Warning
Missing input or output delay  
An output delay is missing on llrs_out_reg[12] relative to clock(s) VIRTUAL_clk_out1_clk_wiz_0 
Related violations: <none>

TIMING-18#168 Warning
Missing input or output delay  
An output delay is missing on llrs_out_reg[130] relative to clock(s) VIRTUAL_clk_out1_clk_wiz_0 
Related violations: <none>

TIMING-18#169 Warning
Missing input or output delay  
An output delay is missing on llrs_out_reg[131] relative to clock(s) VIRTUAL_clk_out1_clk_wiz_0 
Related violations: <none>

TIMING-18#170 Warning
Missing input or output delay  
An output delay is missing on llrs_out_reg[13] relative to clock(s) VIRTUAL_clk_out1_clk_wiz_0 
Related violations: <none>

TIMING-18#171 Warning
Missing input or output delay  
An output delay is missing on llrs_out_reg[14] relative to clock(s) VIRTUAL_clk_out1_clk_wiz_0 
Related violations: <none>

TIMING-18#172 Warning
Missing input or output delay  
An output delay is missing on llrs_out_reg[15] relative to clock(s) VIRTUAL_clk_out1_clk_wiz_0 
Related violations: <none>

TIMING-18#173 Warning
Missing input or output delay  
An output delay is missing on llrs_out_reg[16] relative to clock(s) VIRTUAL_clk_out1_clk_wiz_0 
Related violations: <none>

TIMING-18#174 Warning
Missing input or output delay  
An output delay is missing on llrs_out_reg[17] relative to clock(s) VIRTUAL_clk_out1_clk_wiz_0 
Related violations: <none>

TIMING-18#175 Warning
Missing input or output delay  
An output delay is missing on llrs_out_reg[18] relative to clock(s) VIRTUAL_clk_out1_clk_wiz_0 
Related violations: <none>

TIMING-18#176 Warning
Missing input or output delay  
An output delay is missing on llrs_out_reg[19] relative to clock(s) VIRTUAL_clk_out1_clk_wiz_0 
Related violations: <none>

TIMING-18#177 Warning
Missing input or output delay  
An output delay is missing on llrs_out_reg[1] relative to clock(s) VIRTUAL_clk_out1_clk_wiz_0 
Related violations: <none>

TIMING-18#178 Warning
Missing input or output delay  
An output delay is missing on llrs_out_reg[20] relative to clock(s) VIRTUAL_clk_out1_clk_wiz_0 
Related violations: <none>

TIMING-18#179 Warning
Missing input or output delay  
An output delay is missing on llrs_out_reg[21] relative to clock(s) VIRTUAL_clk_out1_clk_wiz_0 
Related violations: <none>

TIMING-18#180 Warning
Missing input or output delay  
An output delay is missing on llrs_out_reg[22] relative to clock(s) VIRTUAL_clk_out1_clk_wiz_0 
Related violations: <none>

TIMING-18#181 Warning
Missing input or output delay  
An output delay is missing on llrs_out_reg[23] relative to clock(s) VIRTUAL_clk_out1_clk_wiz_0 
Related violations: <none>

TIMING-18#182 Warning
Missing input or output delay  
An output delay is missing on llrs_out_reg[24] relative to clock(s) VIRTUAL_clk_out1_clk_wiz_0 
Related violations: <none>

TIMING-18#183 Warning
Missing input or output delay  
An output delay is missing on llrs_out_reg[25] relative to clock(s) VIRTUAL_clk_out1_clk_wiz_0 
Related violations: <none>

TIMING-18#184 Warning
Missing input or output delay  
An output delay is missing on llrs_out_reg[26] relative to clock(s) VIRTUAL_clk_out1_clk_wiz_0 
Related violations: <none>

TIMING-18#185 Warning
Missing input or output delay  
An output delay is missing on llrs_out_reg[27] relative to clock(s) VIRTUAL_clk_out1_clk_wiz_0 
Related violations: <none>

TIMING-18#186 Warning
Missing input or output delay  
An output delay is missing on llrs_out_reg[28] relative to clock(s) VIRTUAL_clk_out1_clk_wiz_0 
Related violations: <none>

TIMING-18#187 Warning
Missing input or output delay  
An output delay is missing on llrs_out_reg[29] relative to clock(s) VIRTUAL_clk_out1_clk_wiz_0 
Related violations: <none>

TIMING-18#188 Warning
Missing input or output delay  
An output delay is missing on llrs_out_reg[2] relative to clock(s) VIRTUAL_clk_out1_clk_wiz_0 
Related violations: <none>

TIMING-18#189 Warning
Missing input or output delay  
An output delay is missing on llrs_out_reg[30] relative to clock(s) VIRTUAL_clk_out1_clk_wiz_0 
Related violations: <none>

TIMING-18#190 Warning
Missing input or output delay  
An output delay is missing on llrs_out_reg[31] relative to clock(s) VIRTUAL_clk_out1_clk_wiz_0 
Related violations: <none>

TIMING-18#191 Warning
Missing input or output delay  
An output delay is missing on llrs_out_reg[32] relative to clock(s) VIRTUAL_clk_out1_clk_wiz_0 
Related violations: <none>

TIMING-18#192 Warning
Missing input or output delay  
An output delay is missing on llrs_out_reg[33] relative to clock(s) VIRTUAL_clk_out1_clk_wiz_0 
Related violations: <none>

TIMING-18#193 Warning
Missing input or output delay  
An output delay is missing on llrs_out_reg[34] relative to clock(s) VIRTUAL_clk_out1_clk_wiz_0 
Related violations: <none>

TIMING-18#194 Warning
Missing input or output delay  
An output delay is missing on llrs_out_reg[35] relative to clock(s) VIRTUAL_clk_out1_clk_wiz_0 
Related violations: <none>

TIMING-18#195 Warning
Missing input or output delay  
An output delay is missing on llrs_out_reg[36] relative to clock(s) VIRTUAL_clk_out1_clk_wiz_0 
Related violations: <none>

TIMING-18#196 Warning
Missing input or output delay  
An output delay is missing on llrs_out_reg[37] relative to clock(s) VIRTUAL_clk_out1_clk_wiz_0 
Related violations: <none>

TIMING-18#197 Warning
Missing input or output delay  
An output delay is missing on llrs_out_reg[38] relative to clock(s) VIRTUAL_clk_out1_clk_wiz_0 
Related violations: <none>

TIMING-18#198 Warning
Missing input or output delay  
An output delay is missing on llrs_out_reg[39] relative to clock(s) VIRTUAL_clk_out1_clk_wiz_0 
Related violations: <none>

TIMING-18#199 Warning
Missing input or output delay  
An output delay is missing on llrs_out_reg[3] relative to clock(s) VIRTUAL_clk_out1_clk_wiz_0 
Related violations: <none>

TIMING-18#200 Warning
Missing input or output delay  
An output delay is missing on llrs_out_reg[40] relative to clock(s) VIRTUAL_clk_out1_clk_wiz_0 
Related violations: <none>

TIMING-18#201 Warning
Missing input or output delay  
An output delay is missing on llrs_out_reg[41] relative to clock(s) VIRTUAL_clk_out1_clk_wiz_0 
Related violations: <none>

TIMING-18#202 Warning
Missing input or output delay  
An output delay is missing on llrs_out_reg[42] relative to clock(s) VIRTUAL_clk_out1_clk_wiz_0 
Related violations: <none>

TIMING-18#203 Warning
Missing input or output delay  
An output delay is missing on llrs_out_reg[43] relative to clock(s) VIRTUAL_clk_out1_clk_wiz_0 
Related violations: <none>

TIMING-18#204 Warning
Missing input or output delay  
An output delay is missing on llrs_out_reg[44] relative to clock(s) VIRTUAL_clk_out1_clk_wiz_0 
Related violations: <none>

TIMING-18#205 Warning
Missing input or output delay  
An output delay is missing on llrs_out_reg[45] relative to clock(s) VIRTUAL_clk_out1_clk_wiz_0 
Related violations: <none>

TIMING-18#206 Warning
Missing input or output delay  
An output delay is missing on llrs_out_reg[46] relative to clock(s) VIRTUAL_clk_out1_clk_wiz_0 
Related violations: <none>

TIMING-18#207 Warning
Missing input or output delay  
An output delay is missing on llrs_out_reg[47] relative to clock(s) VIRTUAL_clk_out1_clk_wiz_0 
Related violations: <none>

TIMING-18#208 Warning
Missing input or output delay  
An output delay is missing on llrs_out_reg[48] relative to clock(s) VIRTUAL_clk_out1_clk_wiz_0 
Related violations: <none>

TIMING-18#209 Warning
Missing input or output delay  
An output delay is missing on llrs_out_reg[49] relative to clock(s) VIRTUAL_clk_out1_clk_wiz_0 
Related violations: <none>

TIMING-18#210 Warning
Missing input or output delay  
An output delay is missing on llrs_out_reg[4] relative to clock(s) VIRTUAL_clk_out1_clk_wiz_0 
Related violations: <none>

TIMING-18#211 Warning
Missing input or output delay  
An output delay is missing on llrs_out_reg[50] relative to clock(s) VIRTUAL_clk_out1_clk_wiz_0 
Related violations: <none>

TIMING-18#212 Warning
Missing input or output delay  
An output delay is missing on llrs_out_reg[51] relative to clock(s) VIRTUAL_clk_out1_clk_wiz_0 
Related violations: <none>

TIMING-18#213 Warning
Missing input or output delay  
An output delay is missing on llrs_out_reg[52] relative to clock(s) VIRTUAL_clk_out1_clk_wiz_0 
Related violations: <none>

TIMING-18#214 Warning
Missing input or output delay  
An output delay is missing on llrs_out_reg[53] relative to clock(s) VIRTUAL_clk_out1_clk_wiz_0 
Related violations: <none>

TIMING-18#215 Warning
Missing input or output delay  
An output delay is missing on llrs_out_reg[54] relative to clock(s) VIRTUAL_clk_out1_clk_wiz_0 
Related violations: <none>

TIMING-18#216 Warning
Missing input or output delay  
An output delay is missing on llrs_out_reg[55] relative to clock(s) VIRTUAL_clk_out1_clk_wiz_0 
Related violations: <none>

TIMING-18#217 Warning
Missing input or output delay  
An output delay is missing on llrs_out_reg[56] relative to clock(s) VIRTUAL_clk_out1_clk_wiz_0 
Related violations: <none>

TIMING-18#218 Warning
Missing input or output delay  
An output delay is missing on llrs_out_reg[57] relative to clock(s) VIRTUAL_clk_out1_clk_wiz_0 
Related violations: <none>

TIMING-18#219 Warning
Missing input or output delay  
An output delay is missing on llrs_out_reg[58] relative to clock(s) VIRTUAL_clk_out1_clk_wiz_0 
Related violations: <none>

TIMING-18#220 Warning
Missing input or output delay  
An output delay is missing on llrs_out_reg[59] relative to clock(s) VIRTUAL_clk_out1_clk_wiz_0 
Related violations: <none>

TIMING-18#221 Warning
Missing input or output delay  
An output delay is missing on llrs_out_reg[5] relative to clock(s) VIRTUAL_clk_out1_clk_wiz_0 
Related violations: <none>

TIMING-18#222 Warning
Missing input or output delay  
An output delay is missing on llrs_out_reg[60] relative to clock(s) VIRTUAL_clk_out1_clk_wiz_0 
Related violations: <none>

TIMING-18#223 Warning
Missing input or output delay  
An output delay is missing on llrs_out_reg[61] relative to clock(s) VIRTUAL_clk_out1_clk_wiz_0 
Related violations: <none>

TIMING-18#224 Warning
Missing input or output delay  
An output delay is missing on llrs_out_reg[62] relative to clock(s) VIRTUAL_clk_out1_clk_wiz_0 
Related violations: <none>

TIMING-18#225 Warning
Missing input or output delay  
An output delay is missing on llrs_out_reg[63] relative to clock(s) VIRTUAL_clk_out1_clk_wiz_0 
Related violations: <none>

TIMING-18#226 Warning
Missing input or output delay  
An output delay is missing on llrs_out_reg[64] relative to clock(s) VIRTUAL_clk_out1_clk_wiz_0 
Related violations: <none>

TIMING-18#227 Warning
Missing input or output delay  
An output delay is missing on llrs_out_reg[65] relative to clock(s) VIRTUAL_clk_out1_clk_wiz_0 
Related violations: <none>

TIMING-18#228 Warning
Missing input or output delay  
An output delay is missing on llrs_out_reg[66] relative to clock(s) VIRTUAL_clk_out1_clk_wiz_0 
Related violations: <none>

TIMING-18#229 Warning
Missing input or output delay  
An output delay is missing on llrs_out_reg[67] relative to clock(s) VIRTUAL_clk_out1_clk_wiz_0 
Related violations: <none>

TIMING-18#230 Warning
Missing input or output delay  
An output delay is missing on llrs_out_reg[68] relative to clock(s) VIRTUAL_clk_out1_clk_wiz_0 
Related violations: <none>

TIMING-18#231 Warning
Missing input or output delay  
An output delay is missing on llrs_out_reg[69] relative to clock(s) VIRTUAL_clk_out1_clk_wiz_0 
Related violations: <none>

TIMING-18#232 Warning
Missing input or output delay  
An output delay is missing on llrs_out_reg[6] relative to clock(s) VIRTUAL_clk_out1_clk_wiz_0 
Related violations: <none>

TIMING-18#233 Warning
Missing input or output delay  
An output delay is missing on llrs_out_reg[70] relative to clock(s) VIRTUAL_clk_out1_clk_wiz_0 
Related violations: <none>

TIMING-18#234 Warning
Missing input or output delay  
An output delay is missing on llrs_out_reg[71] relative to clock(s) VIRTUAL_clk_out1_clk_wiz_0 
Related violations: <none>

TIMING-18#235 Warning
Missing input or output delay  
An output delay is missing on llrs_out_reg[72] relative to clock(s) VIRTUAL_clk_out1_clk_wiz_0 
Related violations: <none>

TIMING-18#236 Warning
Missing input or output delay  
An output delay is missing on llrs_out_reg[73] relative to clock(s) VIRTUAL_clk_out1_clk_wiz_0 
Related violations: <none>

TIMING-18#237 Warning
Missing input or output delay  
An output delay is missing on llrs_out_reg[74] relative to clock(s) VIRTUAL_clk_out1_clk_wiz_0 
Related violations: <none>

TIMING-18#238 Warning
Missing input or output delay  
An output delay is missing on llrs_out_reg[75] relative to clock(s) VIRTUAL_clk_out1_clk_wiz_0 
Related violations: <none>

TIMING-18#239 Warning
Missing input or output delay  
An output delay is missing on llrs_out_reg[76] relative to clock(s) VIRTUAL_clk_out1_clk_wiz_0 
Related violations: <none>

TIMING-18#240 Warning
Missing input or output delay  
An output delay is missing on llrs_out_reg[77] relative to clock(s) VIRTUAL_clk_out1_clk_wiz_0 
Related violations: <none>

TIMING-18#241 Warning
Missing input or output delay  
An output delay is missing on llrs_out_reg[78] relative to clock(s) VIRTUAL_clk_out1_clk_wiz_0 
Related violations: <none>

TIMING-18#242 Warning
Missing input or output delay  
An output delay is missing on llrs_out_reg[79] relative to clock(s) VIRTUAL_clk_out1_clk_wiz_0 
Related violations: <none>

TIMING-18#243 Warning
Missing input or output delay  
An output delay is missing on llrs_out_reg[7] relative to clock(s) VIRTUAL_clk_out1_clk_wiz_0 
Related violations: <none>

TIMING-18#244 Warning
Missing input or output delay  
An output delay is missing on llrs_out_reg[80] relative to clock(s) VIRTUAL_clk_out1_clk_wiz_0 
Related violations: <none>

TIMING-18#245 Warning
Missing input or output delay  
An output delay is missing on llrs_out_reg[81] relative to clock(s) VIRTUAL_clk_out1_clk_wiz_0 
Related violations: <none>

TIMING-18#246 Warning
Missing input or output delay  
An output delay is missing on llrs_out_reg[82] relative to clock(s) VIRTUAL_clk_out1_clk_wiz_0 
Related violations: <none>

TIMING-18#247 Warning
Missing input or output delay  
An output delay is missing on llrs_out_reg[83] relative to clock(s) VIRTUAL_clk_out1_clk_wiz_0 
Related violations: <none>

TIMING-18#248 Warning
Missing input or output delay  
An output delay is missing on llrs_out_reg[84] relative to clock(s) VIRTUAL_clk_out1_clk_wiz_0 
Related violations: <none>

TIMING-18#249 Warning
Missing input or output delay  
An output delay is missing on llrs_out_reg[85] relative to clock(s) VIRTUAL_clk_out1_clk_wiz_0 
Related violations: <none>

TIMING-18#250 Warning
Missing input or output delay  
An output delay is missing on llrs_out_reg[86] relative to clock(s) VIRTUAL_clk_out1_clk_wiz_0 
Related violations: <none>

TIMING-18#251 Warning
Missing input or output delay  
An output delay is missing on llrs_out_reg[87] relative to clock(s) VIRTUAL_clk_out1_clk_wiz_0 
Related violations: <none>

TIMING-18#252 Warning
Missing input or output delay  
An output delay is missing on llrs_out_reg[88] relative to clock(s) VIRTUAL_clk_out1_clk_wiz_0 
Related violations: <none>

TIMING-18#253 Warning
Missing input or output delay  
An output delay is missing on llrs_out_reg[89] relative to clock(s) VIRTUAL_clk_out1_clk_wiz_0 
Related violations: <none>

TIMING-18#254 Warning
Missing input or output delay  
An output delay is missing on llrs_out_reg[8] relative to clock(s) VIRTUAL_clk_out1_clk_wiz_0 
Related violations: <none>

TIMING-18#255 Warning
Missing input or output delay  
An output delay is missing on llrs_out_reg[90] relative to clock(s) VIRTUAL_clk_out1_clk_wiz_0 
Related violations: <none>

TIMING-18#256 Warning
Missing input or output delay  
An output delay is missing on llrs_out_reg[91] relative to clock(s) VIRTUAL_clk_out1_clk_wiz_0 
Related violations: <none>

TIMING-18#257 Warning
Missing input or output delay  
An output delay is missing on llrs_out_reg[92] relative to clock(s) VIRTUAL_clk_out1_clk_wiz_0 
Related violations: <none>

TIMING-18#258 Warning
Missing input or output delay  
An output delay is missing on llrs_out_reg[93] relative to clock(s) VIRTUAL_clk_out1_clk_wiz_0 
Related violations: <none>

TIMING-18#259 Warning
Missing input or output delay  
An output delay is missing on llrs_out_reg[94] relative to clock(s) VIRTUAL_clk_out1_clk_wiz_0 
Related violations: <none>

TIMING-18#260 Warning
Missing input or output delay  
An output delay is missing on llrs_out_reg[95] relative to clock(s) VIRTUAL_clk_out1_clk_wiz_0 
Related violations: <none>

TIMING-18#261 Warning
Missing input or output delay  
An output delay is missing on llrs_out_reg[96] relative to clock(s) VIRTUAL_clk_out1_clk_wiz_0 
Related violations: <none>

TIMING-18#262 Warning
Missing input or output delay  
An output delay is missing on llrs_out_reg[97] relative to clock(s) VIRTUAL_clk_out1_clk_wiz_0 
Related violations: <none>

TIMING-18#263 Warning
Missing input or output delay  
An output delay is missing on llrs_out_reg[98] relative to clock(s) VIRTUAL_clk_out1_clk_wiz_0 
Related violations: <none>

TIMING-18#264 Warning
Missing input or output delay  
An output delay is missing on llrs_out_reg[99] relative to clock(s) VIRTUAL_clk_out1_clk_wiz_0 
Related violations: <none>

TIMING-18#265 Warning
Missing input or output delay  
An output delay is missing on llrs_out_reg[9] relative to clock(s) VIRTUAL_clk_out1_clk_wiz_0 
Related violations: <none>


